<?xml version="1.0" encoding="UTF-8"?>
<!-- Generated by org.testng.reporters.JUnitReportReporter -->
<testsuite hostname="Mehuli" failures="0" tests="1" name="Academy.validateNavigationBar" time="0.107" errors="0" timestamp="2022-07-29T15:49:35 IST" skipped="0">
  <testcase classname="Academy.validateNavigationBar" name="validateAppNavBar" time="0.107"/>
  <system-out/>
</testsuite> <!-- Academy.validateNavigationBar -->
